<?xml version="1.0" encoding="UTF-8"?>
<testsuite xmlns:xsi="http://www.w3.org/2001/XMLSchema-instance" xsi:noNamespaceSchemaLocation="https://maven.apache.org/surefire/maven-surefire-plugin/xsd/surefire-test-report.xsd" name="com.training.demo.DynamicTests" time="0.029" tests="46" errors="0" skipped="0" failures="0">
  <properties>
    <property name="java.specification.version" value="17"/>
    <property name="sun.jnu.encoding" value="UTF-8"/>
    <property name="java.class.path" value="/Users/shreshttbhatt/ET_Training/Maven/MavenJUnitExample/target/test-classes:/Users/shreshttbhatt/ET_Training/Maven/MavenJUnitExample/target/classes:/Users/shreshttbhatt/.m2/repository/org/junit/jupiter/junit-jupiter/5.8.1/junit-jupiter-5.8.1.jar:/Users/shreshttbhatt/.m2/repository/org/junit/jupiter/junit-jupiter-api/5.8.1/junit-jupiter-api-5.8.1.jar:/Users/shreshttbhatt/.m2/repository/org/opentest4j/opentest4j/1.2.0/opentest4j-1.2.0.jar:/Users/shreshttbhatt/.m2/repository/org/junit/platform/junit-platform-commons/1.8.1/junit-platform-commons-1.8.1.jar:/Users/shreshttbhatt/.m2/repository/org/apiguardian/apiguardian-api/1.1.2/apiguardian-api-1.1.2.jar:/Users/shreshttbhatt/.m2/repository/org/junit/jupiter/junit-jupiter-params/5.8.1/junit-jupiter-params-5.8.1.jar:/Users/shreshttbhatt/.m2/repository/org/junit/jupiter/junit-jupiter-engine/5.8.1/junit-jupiter-engine-5.8.1.jar:/Users/shreshttbhatt/.m2/repository/org/junit/platform/junit-platform-engine/1.8.1/junit-platform-engine-1.8.1.jar:/Users/shreshttbhatt/.m2/repository/org/apache/commons/commons-lang3/3.12.0/commons-lang3-3.12.0.jar:/Users/shreshttbhatt/.m2/repository/org/apache/logging/log4j/log4j-core/2.14.1/log4j-core-2.14.1.jar:/Users/shreshttbhatt/.m2/repository/org/apache/logging/log4j/log4j-api/2.14.1/log4j-api-2.14.1.jar:"/>
    <property name="java.vm.vendor" value="Homebrew"/>
    <property name="sun.arch.data.model" value="64"/>
    <property name="java.vendor.url" value="https://github.com/Homebrew/homebrew-core/issues"/>
    <property name="os.name" value="Mac OS X"/>
    <property name="java.vm.specification.version" value="17"/>
    <property name="sun.java.launcher" value="SUN_STANDARD"/>
    <property name="user.country" value="IN"/>
    <property name="sun.boot.library.path" value="/usr/local/Cellar/openjdk/17/libexec/openjdk.jdk/Contents/Home/lib"/>
    <property name="sun.java.command" value="/Users/shreshttbhatt/ET_Training/Maven/MavenJUnitExample/target/surefire/surefirebooter6604080262342109929.jar /Users/shreshttbhatt/ET_Training/Maven/MavenJUnitExample/target/surefire 2021-10-10T22-10-55_047-jvmRun1 surefire14286241975228028901tmp surefire_0863507021676245764tmp"/>
    <property name="jdk.debug" value="release"/>
    <property name="surefire.test.class.path" value="/Users/shreshttbhatt/ET_Training/Maven/MavenJUnitExample/target/test-classes:/Users/shreshttbhatt/ET_Training/Maven/MavenJUnitExample/target/classes:/Users/shreshttbhatt/.m2/repository/org/junit/jupiter/junit-jupiter/5.8.1/junit-jupiter-5.8.1.jar:/Users/shreshttbhatt/.m2/repository/org/junit/jupiter/junit-jupiter-api/5.8.1/junit-jupiter-api-5.8.1.jar:/Users/shreshttbhatt/.m2/repository/org/opentest4j/opentest4j/1.2.0/opentest4j-1.2.0.jar:/Users/shreshttbhatt/.m2/repository/org/junit/platform/junit-platform-commons/1.8.1/junit-platform-commons-1.8.1.jar:/Users/shreshttbhatt/.m2/repository/org/apiguardian/apiguardian-api/1.1.2/apiguardian-api-1.1.2.jar:/Users/shreshttbhatt/.m2/repository/org/junit/jupiter/junit-jupiter-params/5.8.1/junit-jupiter-params-5.8.1.jar:/Users/shreshttbhatt/.m2/repository/org/junit/jupiter/junit-jupiter-engine/5.8.1/junit-jupiter-engine-5.8.1.jar:/Users/shreshttbhatt/.m2/repository/org/junit/platform/junit-platform-engine/1.8.1/junit-platform-engine-1.8.1.jar:/Users/shreshttbhatt/.m2/repository/org/apache/commons/commons-lang3/3.12.0/commons-lang3-3.12.0.jar:/Users/shreshttbhatt/.m2/repository/org/apache/logging/log4j/log4j-core/2.14.1/log4j-core-2.14.1.jar:/Users/shreshttbhatt/.m2/repository/org/apache/logging/log4j/log4j-api/2.14.1/log4j-api-2.14.1.jar:"/>
    <property name="sun.cpu.endian" value="little"/>
    <property name="user.home" value="/Users/shreshttbhatt"/>
    <property name="user.language" value="en"/>
    <property name="java.specification.vendor" value="Oracle Corporation"/>
    <property name="java.version.date" value="2021-09-14"/>
    <property name="java.home" value="/usr/local/Cellar/openjdk/17/libexec/openjdk.jdk/Contents/Home"/>
    <property name="file.separator" value="/"/>
    <property name="basedir" value="/Users/shreshttbhatt/ET_Training/Maven/MavenJUnitExample"/>
    <property name="java.vm.compressedOopsMode" value="Zero based"/>
    <property name="line.separator" value="&#10;"/>
    <property name="java.vm.specification.vendor" value="Oracle Corporation"/>
    <property name="java.specification.name" value="Java Platform API Specification"/>
    <property name="surefire.real.class.path" value="/Users/shreshttbhatt/ET_Training/Maven/MavenJUnitExample/target/surefire/surefirebooter6604080262342109929.jar"/>
    <property name="sun.management.compiler" value="HotSpot 64-Bit Tiered Compilers"/>
    <property name="java.runtime.version" value="17+0"/>
    <property name="user.name" value="shreshttbhatt"/>
    <property name="path.separator" value=":"/>
    <property name="os.version" value="11.5.2"/>
    <property name="java.runtime.name" value="OpenJDK Runtime Environment"/>
    <property name="file.encoding" value="UTF-8"/>
    <property name="java.vm.name" value="OpenJDK 64-Bit Server VM"/>
    <property name="java.vendor.version" value="Homebrew"/>
    <property name="localRepository" value="/Users/shreshttbhatt/.m2/repository"/>
    <property name="java.vendor.url.bug" value="https://github.com/Homebrew/homebrew-core/issues"/>
    <property name="java.io.tmpdir" value="/var/folders/8j/rjmz4lm52v59f1mc_m9dwj080000gn/T/"/>
    <property name="java.version" value="17"/>
    <property name="user.dir" value="/Users/shreshttbhatt/ET_Training/Maven/MavenJUnitExample"/>
    <property name="os.arch" value="x86_64"/>
    <property name="java.vm.specification.name" value="Java Virtual Machine Specification"/>
    <property name="native.encoding" value="UTF-8"/>
    <property name="java.library.path" value="/Users/shreshttbhatt/Library/Java/Extensions:/Library/Java/Extensions:/Network/Library/Java/Extensions:/System/Library/Java/Extensions:/usr/lib/java:."/>
    <property name="java.vm.info" value="mixed mode, sharing"/>
    <property name="java.vendor" value="Homebrew"/>
    <property name="java.vm.version" value="17+0"/>
    <property name="sun.io.unicode.encoding" value="UnicodeBig"/>
    <property name="java.class.version" value="61.0"/>
  </properties>
  <testcase name="dynamicTestsFromStreamFactoryMethodWithNames[1]" classname="com.training.demo.DynamicTests" time="0"/>
  <testcase name="dynamicTestsFromStreamFactoryMethodWithNames[2]" classname="com.training.demo.DynamicTests" time="0.001"/>
  <testcase name="dynamicTestsFromStreamFactoryMethodWithNames[3]" classname="com.training.demo.DynamicTests" time="0"/>
  <testcase name="dynamicTestsFromStreamFactoryMethodWithNames[4]" classname="com.training.demo.DynamicTests" time="0"/>
  <testcase name="dynamicTestsWithContainers[1][1]" classname="com.training.demo.DynamicTests" time="0"/>
  <testcase name="dynamicTestsWithContainers[1][2][1]" classname="com.training.demo.DynamicTests" time="0"/>
  <testcase name="dynamicTestsWithContainers[1][2][2]" classname="com.training.demo.DynamicTests" time="0"/>
  <testcase name="dynamicTestsWithContainers[2][1]" classname="com.training.demo.DynamicTests" time="0"/>
  <testcase name="dynamicTestsWithContainers[2][2][1]" classname="com.training.demo.DynamicTests" time="0"/>
  <testcase name="dynamicTestsWithContainers[2][2][2]" classname="com.training.demo.DynamicTests" time="0"/>
  <testcase name="dynamicTestsWithContainers[3][1]" classname="com.training.demo.DynamicTests" time="0"/>
  <testcase name="dynamicTestsWithContainers[3][2][1]" classname="com.training.demo.DynamicTests" time="0"/>
  <testcase name="dynamicTestsWithContainers[3][2][2]" classname="com.training.demo.DynamicTests" time="0"/>
  <testcase name="dynamicNodeSingleTest[1]" classname="com.training.demo.DynamicTests" time="0"/>
  <testcase name="dynamicNodeSingleContainer[1][1]" classname="com.training.demo.DynamicTests" time="0"/>
  <testcase name="dynamicNodeSingleContainer[1][2]" classname="com.training.demo.DynamicTests" time="0.001"/>
  <testcase name="dynamicNodeSingleContainer[1][3]" classname="com.training.demo.DynamicTests" time="0"/>
  <testcase name="dynamicNodeSingleContainer[1][4]" classname="com.training.demo.DynamicTests" time="0"/>
  <testcase name="dynamicTestsFromIntStream[1]" classname="com.training.demo.DynamicTests" time="0"/>
  <testcase name="dynamicTestsFromIntStream[2]" classname="com.training.demo.DynamicTests" time="0"/>
  <testcase name="dynamicTestsFromIntStream[3]" classname="com.training.demo.DynamicTests" time="0"/>
  <testcase name="dynamicTestsFromIntStream[4]" classname="com.training.demo.DynamicTests" time="0"/>
  <testcase name="dynamicTestsFromIntStream[5]" classname="com.training.demo.DynamicTests" time="0"/>
  <testcase name="dynamicTestsFromIntStream[6]" classname="com.training.demo.DynamicTests" time="0"/>
  <testcase name="dynamicTestsFromIntStream[7]" classname="com.training.demo.DynamicTests" time="0"/>
  <testcase name="dynamicTestsFromIntStream[8]" classname="com.training.demo.DynamicTests" time="0"/>
  <testcase name="dynamicTestsFromIntStream[9]" classname="com.training.demo.DynamicTests" time="0"/>
  <testcase name="dynamicTestsFromIntStream[10]" classname="com.training.demo.DynamicTests" time="0.001"/>
  <testcase name="dynamicTestsFromStream[1]" classname="com.training.demo.DynamicTests" time="0"/>
  <testcase name="dynamicTestsFromStream[2]" classname="com.training.demo.DynamicTests" time="0"/>
  <testcase name="dynamicTestsFromStream[3]" classname="com.training.demo.DynamicTests" time="0"/>
  <testcase name="dynamicTestsFromStream[4]" classname="com.training.demo.DynamicTests" time="0.001"/>
  <testcase name="dynamicTestsFromStreamFactoryMethod[1]" classname="com.training.demo.DynamicTests" time="0"/>
  <testcase name="dynamicTestsFromStreamFactoryMethod[2]" classname="com.training.demo.DynamicTests" time="0"/>
  <testcase name="dynamicTestsFromStreamFactoryMethod[3]" classname="com.training.demo.DynamicTests" time="0"/>
  <testcase name="dynamicTestsFromStreamFactoryMethod[4]" classname="com.training.demo.DynamicTests" time="0"/>
  <testcase name="dynamicTestsFromIterable[1]" classname="com.training.demo.DynamicTests" time="0"/>
  <testcase name="dynamicTestsFromIterable[2]" classname="com.training.demo.DynamicTests" time="0"/>
  <testcase name="dynamicTestsFromIterator[1]" classname="com.training.demo.DynamicTests" time="0"/>
  <testcase name="dynamicTestsFromIterator[2]" classname="com.training.demo.DynamicTests" time="0"/>
  <testcase name="generateRandomNumberOfTestsFromIterator[1]" classname="com.training.demo.DynamicTests" time="0.001"/>
  <testcase name="generateRandomNumberOfTestsFromIterator[2]" classname="com.training.demo.DynamicTests" time="0"/>
  <testcase name="dynamicTestsFromArray[1]" classname="com.training.demo.DynamicTests" time="0"/>
  <testcase name="dynamicTestsFromArray[2]" classname="com.training.demo.DynamicTests" time="0.001"/>
  <testcase name="dynamicTestsFromCollection[1]" classname="com.training.demo.DynamicTests" time="0"/>
  <testcase name="dynamicTestsFromCollection[2]" classname="com.training.demo.DynamicTests" time="0"/>
</testsuite>